Determining if the pthread_create exist failed with the following output:
Change Dir: /home/beagle/librocontrol_ws/HardwareBBBL/v0.2/build/CMakeFiles/CMakeTmp

Run Build Command:"/usr/bin/make" "cmTC_10bdc/fast"
/usr/bin/make -f CMakeFiles/cmTC_10bdc.dir/build.make CMakeFiles/cmTC_10bdc.dir/build
make[1]: Entering directory '/home/beagle/librocontrol_ws/HardwareBBBL/v0.2/build/CMakeFiles/CMakeTmp'
Building C object CMakeFiles/cmTC_10bdc.dir/CheckSymbolExists.c.o
/usr/bin/cc    -o CMakeFiles/cmTC_10bdc.dir/CheckSymbolExists.c.o   -c /home/beagle/librocontrol_ws/HardwareBBBL/v0.2/build/CMakeFiles/CMakeTmp/CheckSymbolExists.c
Linking C executable cmTC_10bdc
/usr/bin/cmake -E cmake_link_script CMakeFiles/cmTC_10bdc.dir/link.txt --verbose=1
/usr/bin/cc      CMakeFiles/cmTC_10bdc.dir/CheckSymbolExists.c.o  -o cmTC_10bdc 
CMakeFiles/cmTC_10bdc.dir/CheckSymbolExists.c.o: In function `main':
CheckSymbolExists.c:(.text+0x2c): undefined reference to `pthread_create'
collect2: error: ld returned 1 exit status
CMakeFiles/cmTC_10bdc.dir/build.make:97: recipe for target 'cmTC_10bdc' failed
make[1]: *** [cmTC_10bdc] Error 1
make[1]: Leaving directory '/home/beagle/librocontrol_ws/HardwareBBBL/v0.2/build/CMakeFiles/CMakeTmp'
Makefile:126: recipe for target 'cmTC_10bdc/fast' failed
make: *** [cmTC_10bdc/fast] Error 2

File /home/beagle/librocontrol_ws/HardwareBBBL/v0.2/build/CMakeFiles/CMakeTmp/CheckSymbolExists.c:
/* */
#include <pthread.h>

int main(int argc, char** argv)
{
  (void)argv;
#ifndef pthread_create
  return ((int*)(&pthread_create))[argc];
#else
  (void)argc;
  return 0;
#endif
}

Determining if the function pthread_create exists in the pthreads failed with the following output:
Change Dir: /home/beagle/librocontrol_ws/HardwareBBBL/v0.2/build/CMakeFiles/CMakeTmp

Run Build Command:"/usr/bin/make" "cmTC_51b9d/fast"
/usr/bin/make -f CMakeFiles/cmTC_51b9d.dir/build.make CMakeFiles/cmTC_51b9d.dir/build
make[1]: Entering directory '/home/beagle/librocontrol_ws/HardwareBBBL/v0.2/build/CMakeFiles/CMakeTmp'
Building C object CMakeFiles/cmTC_51b9d.dir/CheckFunctionExists.c.o
/usr/bin/cc   -DCHECK_FUNCTION_EXISTS=pthread_create   -o CMakeFiles/cmTC_51b9d.dir/CheckFunctionExists.c.o   -c /usr/share/cmake-3.10/Modules/CheckFunctionExists.c
Linking C executable cmTC_51b9d
/usr/bin/cmake -E cmake_link_script CMakeFiles/cmTC_51b9d.dir/link.txt --verbose=1
/usr/bin/cc  -DCHECK_FUNCTION_EXISTS=pthread_create    CMakeFiles/cmTC_51b9d.dir/CheckFunctionExists.c.o  -o cmTC_51b9d -lpthreads 
/usr/bin/ld: cannot find -lpthreads
collect2: error: ld returned 1 exit status
CMakeFiles/cmTC_51b9d.dir/build.make:97: recipe for target 'cmTC_51b9d' failed
make[1]: *** [cmTC_51b9d] Error 1
make[1]: Leaving directory '/home/beagle/librocontrol_ws/HardwareBBBL/v0.2/build/CMakeFiles/CMakeTmp'
Makefile:126: recipe for target 'cmTC_51b9d/fast' failed
make: *** [cmTC_51b9d/fast] Error 2


